Copyright 1986-2019 Xilinx, Inc. All Rights Reserved.
------------------------------------------------------------------------------------
| Tool Version : Vivado v.2019.1 (win64) Build 2552052 Fri May 24 14:49:42 MDT 2019
| Date         : Sat May 21 19:11:29 2022
| Host         : Titania running 64-bit major release  (build 9200)
| Command      : upgrade_ip
| Device       : xc7z010clg400-1
------------------------------------------------------------------------------------

Upgrade Log for IP 'design_1_accu_ip_0_0'

1. Summary
----------

SUCCESS in the upgrade of design_1_accu_ip_0_0 (xilinx.com:user:accu_ip:1.0) from (Rev. 19) to (Rev. 20)






Copyright 1986-2019 Xilinx, Inc. All Rights Reserved.
------------------------------------------------------------------------------------
| Tool Version : Vivado v.2019.1 (win64) Build 2552052 Fri May 24 14:49:42 MDT 2019
| Date         : Sat May 21 19:01:54 2022
| Host         : Titania running 64-bit major release  (build 9200)
| Command      : upgrade_ip
| Device       : xc7z010clg400-1
------------------------------------------------------------------------------------

Upgrade Log for IP 'design_1_accu_ip_0_0'

1. Summary
----------

SUCCESS in the upgrade of design_1_accu_ip_0_0 (xilinx.com:user:accu_ip:1.0) from (Rev. 18) to (Rev. 19)






Copyright 1986-2019 Xilinx, Inc. All Rights Reserved.
------------------------------------------------------------------------------------
| Tool Version : Vivado v.2019.1 (win64) Build 2552052 Fri May 24 14:49:42 MDT 2019
| Date         : Sat May 21 18:36:28 2022
| Host         : Titania running 64-bit major release  (build 9200)
| Command      : upgrade_ip
| Device       : xc7z010clg400-1
------------------------------------------------------------------------------------

Upgrade Log for IP 'design_1_accu_ip_0_0'

1. Summary
----------

SUCCESS in the upgrade of design_1_accu_ip_0_0 (xilinx.com:user:accu_ip:1.0) from (Rev. 17) to (Rev. 18)






Copyright 1986-2019 Xilinx, Inc. All Rights Reserved.
------------------------------------------------------------------------------------
| Tool Version : Vivado v.2019.1 (win64) Build 2552052 Fri May 24 14:49:42 MDT 2019
| Date         : Sat May 21 15:25:37 2022
| Host         : Titania running 64-bit major release  (build 9200)
| Command      : upgrade_ip
| Device       : xc7z010clg400-1
------------------------------------------------------------------------------------

Upgrade Log for IP 'design_1_accu_ip_0_0'

1. Summary
----------

SUCCESS in the upgrade of design_1_accu_ip_0_0 (xilinx.com:user:accu_ip:1.0) from (Rev. 16) to (Rev. 17)






Copyright 1986-2019 Xilinx, Inc. All Rights Reserved.
------------------------------------------------------------------------------------
| Tool Version : Vivado v.2019.1 (win64) Build 2552052 Fri May 24 14:49:42 MDT 2019
| Date         : Sat May 21 14:23:06 2022
| Host         : Titania running 64-bit major release  (build 9200)
| Command      : upgrade_ip
| Device       : xc7z010clg400-1
------------------------------------------------------------------------------------

Upgrade Log for IP 'design_1_accu_ip_0_0'

1. Summary
----------

SUCCESS in the upgrade of design_1_accu_ip_0_0 (xilinx.com:user:accu_ip:1.0) from (Rev. 15) to (Rev. 16)






Copyright 1986-2019 Xilinx, Inc. All Rights Reserved.
------------------------------------------------------------------------------------
| Tool Version : Vivado v.2019.1 (win64) Build 2552052 Fri May 24 14:49:42 MDT 2019
| Date         : Sat May 21 13:40:06 2022
| Host         : Titania running 64-bit major release  (build 9200)
| Command      : upgrade_ip
| Device       : xc7z010clg400-1
------------------------------------------------------------------------------------

Upgrade Log for IP 'design_1_accu_ip_0_0'

1. Summary
----------

SUCCESS in the upgrade of design_1_accu_ip_0_0 (xilinx.com:user:accu_ip:1.0) from (Rev. 14) to (Rev. 15)






Copyright 1986-2019 Xilinx, Inc. All Rights Reserved.
------------------------------------------------------------------------------------
| Tool Version : Vivado v.2019.1 (win64) Build 2552052 Fri May 24 14:49:42 MDT 2019
| Date         : Thu May 19 16:38:57 2022
| Host         : Titania running 64-bit major release  (build 9200)
| Command      : upgrade_ip
| Device       : xc7z010clg400-1
------------------------------------------------------------------------------------

Upgrade Log for IP 'design_1_accu_ip_0_0'

1. Summary
----------

SUCCESS in the upgrade of design_1_accu_ip_0_0 (xilinx.com:user:accu_ip:1.0) from (Rev. 13) to (Rev. 14)






Copyright 1986-2019 Xilinx, Inc. All Rights Reserved.
------------------------------------------------------------------------------------
| Tool Version : Vivado v.2019.1 (win64) Build 2552052 Fri May 24 14:49:42 MDT 2019
| Date         : Thu May 19 16:25:00 2022
| Host         : Titania running 64-bit major release  (build 9200)
| Command      : upgrade_ip
| Device       : xc7z010clg400-1
------------------------------------------------------------------------------------

Upgrade Log for IP 'design_1_accu_ip_0_0'

1. Summary
----------

SUCCESS in the upgrade of design_1_accu_ip_0_0 (xilinx.com:user:accu_ip:1.0) from (Rev. 12) to (Rev. 13)






Copyright 1986-2019 Xilinx, Inc. All Rights Reserved.
------------------------------------------------------------------------------------
| Tool Version : Vivado v.2019.1 (win64) Build 2552052 Fri May 24 14:49:42 MDT 2019
| Date         : Thu May 19 16:12:07 2022
| Host         : Titania running 64-bit major release  (build 9200)
| Command      : upgrade_ip
| Device       : xc7z010clg400-1
------------------------------------------------------------------------------------

Upgrade Log for IP 'design_1_accu_ip_0_0'

1. Summary
----------

SUCCESS in the upgrade of design_1_accu_ip_0_0 (xilinx.com:user:accu_ip:1.0) from (Rev. 11) to (Rev. 12)






Copyright 1986-2019 Xilinx, Inc. All Rights Reserved.
------------------------------------------------------------------------------------
| Tool Version : Vivado v.2019.1 (win64) Build 2552052 Fri May 24 14:49:42 MDT 2019
| Date         : Thu May 19 15:40:12 2022
| Host         : Titania running 64-bit major release  (build 9200)
| Command      : upgrade_ip
| Device       : xc7z010clg400-1
------------------------------------------------------------------------------------

Upgrade Log for IP 'design_1_accu_ip_0_0'

1. Summary
----------

SUCCESS in the upgrade of design_1_accu_ip_0_0 (xilinx.com:user:accu_ip:1.0) from (Rev. 9) to (Rev. 11)






Copyright 1986-2019 Xilinx, Inc. All Rights Reserved.
------------------------------------------------------------------------------------
| Tool Version : Vivado v.2019.1 (win64) Build 2552052 Fri May 24 14:49:42 MDT 2019
| Date         : Thu May 19 15:06:36 2022
| Host         : Titania running 64-bit major release  (build 9200)
| Command      : upgrade_ip
| Device       : xc7z010clg400-1
------------------------------------------------------------------------------------

Upgrade Log for IP 'design_1_accu_ip_0_0'

1. Summary
----------

SUCCESS in the upgrade of design_1_accu_ip_0_0 (xilinx.com:user:accu_ip:1.0) from (Rev. 8) to (Rev. 9)






Copyright 1986-2019 Xilinx, Inc. All Rights Reserved.
------------------------------------------------------------------------------------
| Tool Version : Vivado v.2019.1 (win64) Build 2552052 Fri May 24 14:49:42 MDT 2019
| Date         : Thu May 19 11:42:23 2022
| Host         : Titania running 64-bit major release  (build 9200)
| Command      : upgrade_ip
| Device       : xc7z010clg400-1
------------------------------------------------------------------------------------

Upgrade Log for IP 'design_1_accu_ip_0_0'

1. Summary
----------

SUCCESS in the upgrade of design_1_accu_ip_0_0 (xilinx.com:user:accu_ip:1.0) from (Rev. 7) to (Rev. 8)






Copyright 1986-2019 Xilinx, Inc. All Rights Reserved.
------------------------------------------------------------------------------------
| Tool Version : Vivado v.2019.1 (win64) Build 2552052 Fri May 24 14:49:42 MDT 2019
| Date         : Thu May 19 11:04:15 2022
| Host         : Titania running 64-bit major release  (build 9200)
| Command      : upgrade_ip
| Device       : xc7z010clg400-1
------------------------------------------------------------------------------------

Upgrade Log for IP 'design_1_accu_ip_0_0'

1. Summary
----------

SUCCESS in the upgrade of design_1_accu_ip_0_0 (xilinx.com:user:accu_ip:1.0) from (Rev. 6) to (Rev. 7)






Copyright 1986-2019 Xilinx, Inc. All Rights Reserved.
------------------------------------------------------------------------------------
| Tool Version : Vivado v.2019.1 (win64) Build 2552052 Fri May 24 14:49:42 MDT 2019
| Date         : Thu May 19 10:46:47 2022
| Host         : Titania running 64-bit major release  (build 9200)
| Command      : upgrade_ip
| Device       : xc7z010clg400-1
------------------------------------------------------------------------------------

Upgrade Log for IP 'design_1_accu_ip_0_0'

1. Summary
----------

SUCCESS in the upgrade of design_1_accu_ip_0_0 (xilinx.com:user:accu_ip:1.0) from (Rev. 5) to (Rev. 6)






Copyright 1986-2019 Xilinx, Inc. All Rights Reserved.
------------------------------------------------------------------------------------
| Tool Version : Vivado v.2019.1 (win64) Build 2552052 Fri May 24 14:49:42 MDT 2019
| Date         : Thu May 19 09:44:45 2022
| Host         : Titania running 64-bit major release  (build 9200)
| Command      : upgrade_ip
| Device       : xc7z010clg400-1
------------------------------------------------------------------------------------

Upgrade Log for IP 'design_1_accu_ip_0_0'

1. Summary
----------

SUCCESS in the upgrade of design_1_accu_ip_0_0 (xilinx.com:user:accu_ip:1.0) from (Rev. 4) to (Rev. 5)






Copyright 1986-2019 Xilinx, Inc. All Rights Reserved.
------------------------------------------------------------------------------------
| Tool Version : Vivado v.2019.1 (win64) Build 2552052 Fri May 24 14:49:42 MDT 2019
| Date         : Thu May 19 09:32:27 2022
| Host         : Titania running 64-bit major release  (build 9200)
| Command      : upgrade_ip
| Device       : xc7z010clg400-1
------------------------------------------------------------------------------------

Upgrade Log for IP 'design_1_accu_ip_0_0'

1. Summary
----------

SUCCESS in the upgrade of design_1_accu_ip_0_0 (xilinx.com:user:accu_ip:1.0) from (Rev. 2) to (Rev. 4)

